<?xml version="1.0" encoding="UTF-8" ?>
<testsuite tests="9" failures="0" name="tpi135_2023.ingenieria.occ.ues.edu.sv.Delivery.resources.ComercioResourceTest" time="1.178" errors="0" skipped="0">
  <properties>
[...]
</properties>
  <testcase classname="tpi135_2023.ingenieria.occ.ues.edu.sv.Delivery.resources.ComercioResourceTest" name="testAgregarTipoAcomercio_WithNonExistingTipoComercio_ReturnsResponseWithBadRequestStatus" time="1.111"/>
  <testcase classname="tpi135_2023.ingenieria.occ.ues.edu.sv.Delivery.resources.ComercioResourceTest" name="findById_noValido" time="0.009"/>
  <testcase classname="tpi135_2023.ingenieria.occ.ues.edu.sv.Delivery.resources.ComercioResourceTest" name="ObtenerTipocomercio" time="0.02"/>
  <testcase classname="tpi135_2023.ingenieria.occ.ues.edu.sv.Delivery.resources.ComercioResourceTest" name="AgregarTipoAcomercio_valido" time="0.008"/>
  <testcase classname="tpi135_2023.ingenieria.occ.ues.edu.sv.Delivery.resources.ComercioResourceTest" name="AgregarTipoAcomercio_comercio_erroneo" time="0.003"/>
  <testcase classname="tpi135_2023.ingenieria.occ.ues.edu.sv.Delivery.resources.ComercioResourceTest" name="findById_valido" time="0.004"/>
  <testcase classname="tpi135_2023.ingenieria.occ.ues.edu.sv.Delivery.resources.ComercioResourceTest" name="crearUnComercio" time="0.014"/>
  <testcase classname="tpi135_2023.ingenieria.occ.ues.edu.sv.Delivery.resources.ComercioResourceTest" name="testEocntrartodos_ReturnsResponseWithOkStatusAndHeaders" time="0.005"/>
  <testcase classname="tpi135_2023.ingenieria.occ.ues.edu.sv.Delivery.resources.ComercioResourceTest" name="testAgregarTipoAcomercio_WithNonExistingComercio_ReturnsResponseWithBadRequestStatus" time="0.004"/>
</testsuite>